[debug] [2022-12-23T17:09:40.115Z] ----------------------------------------------------------------------
[debug] [2022-12-23T17:09:40.117Z] Command:       /usr/local/bin/node /usr/local/bin/firebase deploy
[debug] [2022-12-23T17:09:40.118Z] CLI Version:   11.19.0
[debug] [2022-12-23T17:09:40.118Z] Platform:      darwin
[debug] [2022-12-23T17:09:40.118Z] Node Version:  v14.20.0
[debug] [2022-12-23T17:09:40.121Z] Time:          Fri Dec 23 2022 14:09:40 GMT-0300 (hora estándar de Argentina)
[debug] [2022-12-23T17:09:40.121Z] ----------------------------------------------------------------------
[debug] 
[debug] [2022-12-23T17:09:40.125Z] >>> [apiv2][query] GET https://firebase-public.firebaseio.com/cli.json [none]
[debug] [2022-12-23T17:09:40.243Z] > command requires scopes: ["email","openid","https://www.googleapis.com/auth/cloudplatformprojects.readonly","https://www.googleapis.com/auth/firebase","https://www.googleapis.com/auth/cloud-platform"]
[debug] [2022-12-23T17:09:40.244Z] > authorizing via signed-in user (miguel.algranti@gmail.com)
[debug] [2022-12-23T17:09:40.244Z] [iam] checking project portfolio-ap-ma for permissions ["firebase.projects.get","firebasehosting.sites.update"]
[debug] [2022-12-23T17:09:40.245Z] > refreshing access token with scopes: []
[debug] [2022-12-23T17:09:40.247Z] >>> [apiv2][query] POST https://www.googleapis.com/oauth2/v3/token [none]
[debug] [2022-12-23T17:09:40.247Z] >>> [apiv2][body] POST https://www.googleapis.com/oauth2/v3/token [omitted]
[debug] [2022-12-23T17:09:40.604Z] <<< [apiv2][status] POST https://www.googleapis.com/oauth2/v3/token 200
[debug] [2022-12-23T17:09:40.604Z] <<< [apiv2][body] POST https://www.googleapis.com/oauth2/v3/token [omitted]
[debug] [2022-12-23T17:09:40.619Z] >>> [apiv2][query] POST https://cloudresourcemanager.googleapis.com/v1/projects/portfolio-ap-ma:testIamPermissions [none]
[debug] [2022-12-23T17:09:40.620Z] >>> [apiv2][(partial)header] POST https://cloudresourcemanager.googleapis.com/v1/projects/portfolio-ap-ma:testIamPermissions x-goog-quota-user=projects/portfolio-ap-ma
[debug] [2022-12-23T17:09:40.620Z] >>> [apiv2][body] POST https://cloudresourcemanager.googleapis.com/v1/projects/portfolio-ap-ma:testIamPermissions {"permissions":["firebase.projects.get","firebasehosting.sites.update"]}
[debug] [2022-12-23T17:09:40.815Z] <<< [apiv2][status] GET https://firebase-public.firebaseio.com/cli.json 200
[debug] [2022-12-23T17:09:40.815Z] <<< [apiv2][body] GET https://firebase-public.firebaseio.com/cli.json {"cloudBuildErrorAfter":1594252800000,"cloudBuildWarnAfter":1590019200000,"defaultNode10After":1594252800000,"minVersion":"3.0.5","node8DeploysDisabledAfter":1613390400000,"node8RuntimeDisabledAfter":1615809600000,"node8WarnAfter":1600128000000}
[debug] [2022-12-23T17:09:43.811Z] <<< [apiv2][status] POST https://cloudresourcemanager.googleapis.com/v1/projects/portfolio-ap-ma:testIamPermissions 200
[debug] [2022-12-23T17:09:43.812Z] <<< [apiv2][body] POST https://cloudresourcemanager.googleapis.com/v1/projects/portfolio-ap-ma:testIamPermissions {"permissions":["firebase.projects.get","firebasehosting.sites.update"]}
[debug] [2022-12-23T17:09:43.814Z] >>> [apiv2][query] GET https://firebase.googleapis.com/v1beta1/projects/portfolio-ap-ma [none]
